<?xml version="1.0" encoding="UTF-8"?>
<!-- Generated by org.testng.reporters.JUnitReportReporter -->
<testsuite skipped="0" hostname="Rishi-PC" name="com.automation.facebook.Fbsignup" tests="1" failures="0" timestamp="07 Jun 2017 17:17:15 GMT" time="34.962" errors="0">
  <testcase name="TestSetup" time="34.962" classname="com.automation.facebook.Fbsignup"/>
</testsuite> <!-- com.automation.facebook.Fbsignup -->
